<?xml version="1.0" encoding="UTF-8"?>
<!-- Generated by org.testng.reporters.JUnitReportReporter -->
<testsuite hostname="BLR1-LP34YG622" name="com.freecrm.testcases.LoginTest" tests="4" failures="0" timestamp="15 Apr 2018 02:18:30 GMT" time="105.751" errors="0">
  <testcase name="Login" time="24.522" classname="com.freecrm.testcases.LoginTest"/>
  <testcase name="Login" time="33.891" classname="com.freecrm.testcases.LoginTest"/>
  <testcase name="verifyHomePageTitle" time="22.667" classname="com.freecrm.testcases.LoginTest"/>
  <testcase name="Login" time="24.671" classname="com.freecrm.testcases.LoginTest"/>
</testsuite> <!-- com.freecrm.testcases.LoginTest -->
