<?xml version="1.0" encoding="UTF-8"?>
<!-- Generated by org.testng.reporters.JUnitReportReporter -->
<testsuite hostname="BLR1-LP34YG622" name="com.freecrm.testcases.ContactsTest" tests="5" failures="0" timestamp="15 Apr 2018 07:46:24 GMT" time="202.556" errors="0">
  <testcase name="addNewContacts" time="42.328" classname="com.freecrm.testcases.ContactsTest"/>
  <testcase name="addMoreNewContacts" time="41.689" classname="com.freecrm.testcases.ContactsTest"/>
  <testcase name="addMoreNewContacts" time="47.801" classname="com.freecrm.testcases.ContactsTest"/>
  <testcase name="clickOnNewContacts" time="30.474" classname="com.freecrm.testcases.ContactsTest"/>
  <testcase name="addMoreNewContacts" time="40.264" classname="com.freecrm.testcases.ContactsTest"/>
</testsuite> <!-- com.freecrm.testcases.ContactsTest -->
